<?xml version="1.0" encoding="UTF-8"?>
<!-- Generated by org.testng.reporters.JUnitReportReporter -->
<testsuite name="com.crm.qa.testcases.ContactsPageTest" tests="5" time="100.198" ignored="0" failures="0" timestamp="06 Dec 2017 07:33:49 GMT" skipped="0" hostname="Sumits-iMac.local" errors="0">
  <testcase name="validateCreateNewContactTest" time="21.093" classname="com.crm.qa.testcases.ContactsPageTest"/>
  <testcase name="validateCreateNewContactTest" time="21.830" classname="com.crm.qa.testcases.ContactsPageTest"/>
  <testcase name="selectContactsTest" time="21.790" classname="com.crm.qa.testcases.ContactsPageTest"/>
  <testcase name="validateCreateNewContactTest" time="21.265" classname="com.crm.qa.testcases.ContactsPageTest"/>
  <testcase name="verifyContactspageLabel" time="14.220" classname="com.crm.qa.testcases.ContactsPageTest"/>
</testsuite> <!-- com.crm.qa.testcases.ContactsPageTest -->
