<?xml version="1.0" encoding="UTF-8"?>
<!-- Generated by org.testng.reporters.JUnitReportReporter -->
<testsuite name="com.crm.qa.testcases.HomePageTest" tests="3" time="36.273" ignored="0" failures="0" timestamp="06 Dec 2017 07:33:49 GMT" skipped="0" hostname="Sumits-iMac.local" errors="0">
  <testcase name="verifyUserNameTest" time="11.992" classname="com.crm.qa.testcases.HomePageTest"/>
  <testcase name="verifyContatctsLinkTest" time="13.257" classname="com.crm.qa.testcases.HomePageTest"/>
  <testcase name="verifyHomePageTitleTest" time="11.024" classname="com.crm.qa.testcases.HomePageTest"/>
</testsuite> <!-- com.crm.qa.testcases.HomePageTest -->
